This is pdfTeX, Version 3.14159265-2.6-1.40.15 (TeX Live 2015/dev/Debian) (preloaded format=pdflatex 2017.3.26)  16 MAY 2017 14:32
entering extended mode
 restricted \write18 enabled.
 %&-line parsing enabled.
**/home/rrieu/why3/share/latex/why3lang.sty
(/home/rrieu/why3/share/latex/why3lang.sty
LaTeX2e <2014/05/01>
Babel <3.9l> and hyphenation patterns for 79 languages loaded.
(/usr/share/texlive/texmf-dist/tex/latex/listings/listings.sty
(/usr/share/texlive/texmf-dist/tex/latex/graphics/keyval.sty
Package: keyval 2014/05/08 v1.15 key=value parser (DPC)
\KV@toks@=\toks14
)
\lst@mode=\count79
\lst@gtempboxa=\box26
\lst@token=\toks15
\lst@length=\count80
\lst@currlwidth=\dimen102
\lst@column=\count81
\lst@pos=\count82
\lst@lostspace=\dimen103
\lst@width=\dimen104
\lst@newlines=\count83
\lst@lineno=\count84
\abovecaptionskip=\skip41
\belowcaptionskip=\skip42
\lst@maxwidth=\dimen105

(/usr/share/texlive/texmf-dist/tex/latex/listings/lstmisc.sty
File: lstmisc.sty 2014/09/06 1.5e (Carsten Heinz)
\c@lstnumber=\count85
\lst@skipnumbers=\count86
\lst@framebox=\box27
)
(/usr/share/texlive/texmf-dist/tex/latex/listings/listings.cfg
File: listings.cfg 2014/09/06 1.5e listings configuration
))
Package: listings 2014/09/06 1.5e (Carsten Heinz)

(/usr/share/texlive/texmf-dist/tex/latex/amsfonts/amssymb.sty
Package: amssymb 2013/01/14 v3.01 AMS font symbols

(/usr/share/texlive/texmf-dist/tex/latex/amsfonts/amsfonts.sty
Package: amsfonts 2013/01/14 v3.01 Basic AMSFonts support
\@emptytoks=\toks16
\symAMSa=\mathgroup4
\symAMSb=\mathgroup5
LaTeX Font Info:    Overwriting math alphabet `\mathfrak' in version `bold'
(Font)                  U/euf/m/n --> U/euf/b/n on input line 106.
)))
*
! Emergency stop.
<*> /home/rrieu/why3/share/latex/why3lang.sty
                                             
End of file on the terminal!

 
Here is how much of TeX's memory you used:
 1497 strings out of 493105
 20991 string characters out of 6137072
 69587 words of memory out of 5000000
 5037 multiletter control sequences out of 15000+600000
 3640 words of font info for 14 fonts, out of 8000000 for 9000
 1141 hyphenation exceptions out of 8191
 26i,0n,32p,208b,219s stack positions out of 5000i,500n,10000p,200000b,80000s
!  ==> Fatal error occurred, no output PDF file produced!
